1:14:22  [main] 	Initializing Control Panel
1:14:22  [main] 	Windows Version:  Enterprise  64-bit
1:14:22  [main] 	XAMPP Version: 8.2.12
1:14:22  [main] 	Control Panel Version: 3.3.0  [ Compiled: Apr 6th 2021 ]
1:14:22  [main] 	You are not running with administrator rights! This will work for
1:14:22  [main] 	most application stuff but whenever you do something with services
1:14:22  [main] 	there will be a security dialogue or things will break! So think 
1:14:22  [main] 	about running this application with administrator rights!
1:14:22  [main] 	XAMPP Installation Directory: "c:\balti24\balti24antservice\"
1:14:22  [main] 	Checking for prerequisites
1:14:26  [main] 	All prerequisites found
1:14:26  [main] 	Initializing Modules
1:14:26  [main] 	The FileZilla module is disabled
1:14:26  [main] 	The Mercury module is disabled
1:14:26  [main] 	The Tomcat module is disabled
1:14:26  [main] 	Starting Check-Timer
1:14:26  [main] 	Control Panel Ready
1:14:27  [Apache] 	Attempting to start Apache app...
1:14:27  [mysql] 	Attempting to start MySQL app...
1:14:28  [Apache] 	Status change detected: running
1:14:28  [mysql] 	Status change detected: running
3:40:59  [Apache] 	Attempting to stop Apache (PID: 7172)
3:40:59  [Apache] 	Attempting to stop Apache (PID: 14792)
3:40:59  [Apache] 	Status change detected: stopped
3:40:59  [mysql] 	Attempting to stop MySQL app...
3:41:00  [mysql] 	Status change detected: stopped
3:41:57  [main] 	Deinitializing Modules
3:41:57  [main] 	Deinitializing Control Panel

21:26:18  [main] 	Initializing Control Panel
21:26:18  [main] 	Windows Version:  Enterprise  64-bit
21:26:18  [main] 	XAMPP Version: 8.2.12
21:26:18  [main] 	Control Panel Version: 3.3.0  [ Compiled: Apr 6th 2021 ]
21:26:18  [main] 	You are not running with administrator rights! This will work for
21:26:18  [main] 	most application stuff but whenever you do something with services
21:26:18  [main] 	there will be a security dialogue or things will break! So think 
21:26:18  [main] 	about running this application with administrator rights!
21:26:18  [main] 	XAMPP Installation Directory: "c:\balti24\balti24antservice\"
21:26:18  [main] 	Checking for prerequisites
21:26:21  [main] 	All prerequisites found
21:26:21  [main] 	Initializing Modules
21:26:21  [main] 	The FileZilla module is disabled
21:26:21  [main] 	The Mercury module is disabled
21:26:21  [main] 	The Tomcat module is disabled
21:26:21  [main] 	Starting Check-Timer
21:26:21  [main] 	Control Panel Ready
1:14:27  [Apache] 	Status change detected: running
1:14:28  [mysql] 	Status change detected: running
3:40:59  [Apache] 	Status change detected: stopped
3:40:59  [Apache] 	Error: Apache shutdown unexpectedly.
3:40:59  [Apache] 	This may be due to a blocked port, missing dependencies, 
3:40:59  [Apache] 	improper privileges, a crash, or a shutdown by another method.
3:40:59  [Apache] 	Press the Logs button to view error logs and check
3:40:59  [Apache] 	the Windows Event Viewer for more clues
3:40:59  [Apache] 	If you need more help, copy and post this
3:40:59  [Apache] 	entire log window on the forums
3:41:00  [mysql] 	Status change detected: stopped
3:41:00  [mysql] 	Error: MySQL shutdown unexpectedly.
3:41:00  [mysql] 	This may be due to a blocked port, missing dependencies, 
3:41:00  [mysql] 	improper privileges, a crash, or a shutdown by another method.
3:41:00  [mysql] 	Press the Logs button to view error logs and check
3:41:00  [mysql] 	the Windows Event Viewer for more clues
3:41:00  [mysql] 	If you need more help, copy and post this
3:41:00  [mysql] 	entire log window on the forums
3:41:57  [main] 	Deinitializing Modules
3:41:57  [main] 	Deinitializing Control Panel

