[Fri Dec 13 00:39:54.851157 2024] [ssl:warn] [pid 11260:tid 448] AH01909: www.example.com:443:0 server certificate does NOT include an ID which matches the server name
[Fri Dec 13 00:39:54.903127 2024] [ssl:warn] [pid 11260:tid 448] AH01909: www.example.com:443:0 server certificate does NOT include an ID which matches the server name
[Fri Dec 13 00:39:54.988079 2024] [mpm_winnt:notice] [pid 11260:tid 448] AH00455: Apache/2.4.58 (Win64) OpenSSL/3.1.3 PHP/8.2.12 configured -- resuming normal operations
[Fri Dec 13 00:39:54.988079 2024] [mpm_winnt:notice] [pid 11260:tid 448] AH00456: Apache Lounge VS17 Server built: Oct 18 2023 13:03:18
[Fri Dec 13 00:39:54.988079 2024] [core:notice] [pid 11260:tid 448] AH00094: Command line: 'C:\\xampp\\apache\\bin\\httpd.exe -d C:/xampp/apache'
[Fri Dec 13 00:39:54.998073 2024] [mpm_winnt:notice] [pid 11260:tid 448] AH00418: Parent: Created child process 14580
[Fri Dec 13 00:39:55.553758 2024] [ssl:warn] [pid 14580:tid 436] AH01909: www.example.com:443:0 server certificate does NOT include an ID which matches the server name
[Fri Dec 13 00:39:55.599732 2024] [ssl:warn] [pid 14580:tid 436] AH01909: www.example.com:443:0 server certificate does NOT include an ID which matches the server name
[Fri Dec 13 00:39:55.643706 2024] [mpm_winnt:notice] [pid 14580:tid 436] AH00354: Child: Starting 150 worker threads.
[Fri Dec 13 00:44:33.891575 2024] [ssl:warn] [pid 12076:tid 460] AH01909: www.example.com:443:0 server certificate does NOT include an ID which matches the server name
[Fri Dec 13 00:44:33.954541 2024] [ssl:warn] [pid 12076:tid 460] AH01909: www.example.com:443:0 server certificate does NOT include an ID which matches the server name
[Fri Dec 13 00:44:34.016505 2024] [mpm_winnt:notice] [pid 12076:tid 460] AH00455: Apache/2.4.58 (Win64) OpenSSL/3.1.3 PHP/8.2.12 configured -- resuming normal operations
[Fri Dec 13 00:44:34.016505 2024] [mpm_winnt:notice] [pid 12076:tid 460] AH00456: Apache Lounge VS17 Server built: Oct 18 2023 13:03:18
[Fri Dec 13 00:44:34.016505 2024] [core:notice] [pid 12076:tid 460] AH00094: Command line: 'apache\\bin\\httpd.exe -d C:/xampp/apache -f conf\\httpd.conf'
[Fri Dec 13 00:44:34.027498 2024] [mpm_winnt:notice] [pid 12076:tid 460] AH00418: Parent: Created child process 19708
Apache server shutdown initiated...
sl:warn] [pid 19708:tid 244] AH01909: www.example.com:443:0 server certificate does NOT include an ID which matches the server name
[Fri Dec 13 00:44:34.920988 2024] [ssl:warn] [pid 19708:tid 244] AH01909: www.example.com:443:0 server certificate does NOT include an ID which matches the server name
[Fri Dec 13 00:44:34.986950 2024] [mpm_winnt:notice] [pid 19708:tid 244] AH00354: Child: Starting 150 worker threads.
[Fri Dec 13 00:44:37.247330 2024] [mpm_winnt:notice] [pid 12076:tid 460] AH00422: Parent: Received shutdown signal -- Shutting down the server.
[Fri Dec 13 00:44:39.253651 2024] [mpm_winnt:notice] [pid 19708:tid 244] AH00364: Child: All worker threads have exited.
[Fri Dec 13 00:44:39.278618 2024] [mpm_winnt:notice] [pid 12076:tid 460] AH00430: Parent: Child process 19708 exited successfully.
[Fri Dec 13 00:44:47.574150 2024] [ssl:warn] [pid 6512:tid 424] AH01909: www.example.com:443:0 server certificate does NOT include an ID which matches the server name
[Fri Dec 13 00:44:47.634117 2024] [ssl:warn] [pid 6512:tid 424] AH01909: www.example.com:443:0 server certificate does NOT include an ID which matches the server name
[Fri Dec 13 00:44:47.695082 2024] [mpm_winnt:notice] [pid 6512:tid 424] AH00455: Apache/2.4.58 (Win64) OpenSSL/3.1.3 PHP/8.2.12 configured -- resuming normal operations
[Fri Dec 13 00:44:47.695082 2024] [mpm_winnt:notice] [pid 6512:tid 424] AH00456: Apache Lounge VS17 Server built: Oct 18 2023 13:03:18
[Fri Dec 13 00:44:47.695082 2024] [core:notice] [pid 6512:tid 424] AH00094: Command line: 'c:\\xampp\\apache\\bin\\httpd.exe -d C:/xampp/apache'
[Fri Dec 13 00:44:47.704077 2024] [mpm_winnt:notice] [pid 6512:tid 424] AH00418: Parent: Created child process 18792
[Fri Dec 13 00:44:48.350708 2024] [ssl:warn] [pid 18792:tid 428] AH01909: www.example.com:443:0 server certificate does NOT include an ID which matches the server name
[Fri Dec 13 00:44:48.405676 2024] [ssl:warn] [pid 18792:tid 428] AH01909: www.example.com:443:0 server certificate does NOT include an ID which matches the server name
[Fri Dec 13 00:44:48.469639 2024] [mpm_winnt:notice] [pid 18792:tid 428] AH00354: Child: Starting 150 worker threads.
[Fri Dec 13 01:07:58.056512 2024] [php:warn] [pid 18792:tid 1836] [client ::1:59251] PHP Warning:  Undefined array key "login" in C:\\xampp\\htdocs\\website\\index.php on line 24
[Fri Dec 13 01:09:18.036312 2024] [php:error] [pid 18792:tid 1844] [client ::1:59275] script 'C:/xampp/htdocs/website/index.php' not found or unable to stat, referer: https://localhost/website/
[Fri Dec 13 01:09:19.873851 2024] [php:error] [pid 18792:tid 1844] [client ::1:59275] script 'C:/xampp/htdocs/website/index.php' not found or unable to stat, referer: https://localhost/website/
[Fri Dec 13 01:09:20.346670 2024] [php:error] [pid 18792:tid 1844] [client ::1:59275] script 'C:/xampp/htdocs/website/index.php' not found or unable to stat, referer: https://localhost/website/
[Fri Dec 13 01:09:20.693138 2024] [php:error] [pid 18792:tid 1844] [client ::1:59275] script 'C:/xampp/htdocs/website/index.php' not found or unable to stat, referer: https://localhost/website/
[Fri Dec 13 01:18:37.753336 2024] [php:warn] [pid 18792:tid 1844] [client ::1:59363] PHP Warning:  Undefined array key "pass" in C:\\xampp\\htdocs\\website\\check.php on line 4, referer: https://localhost/website/index.html
[Fri Dec 13 01:18:48.542016 2024] [php:warn] [pid 18792:tid 1836] [client ::1:59368] PHP Warning:  Undefined array key "pass" in C:\\xampp\\htdocs\\website\\check.php on line 4, referer: https://localhost/website/index.html
[Fri Dec 13 01:24:22.667016 2024] [php:warn] [pid 18792:tid 1844] [client ::1:59387] PHP Warning:  Undefined array key "pass" in C:\\xampp\\htdocs\\website\\check.php on line 4, referer: https://localhost/website/index.html
[Fri Dec 13 01:26:03.429181 2024] [php:error] [pid 18792:tid 1860] [client ::1:59406] PHP Fatal error:  Uncaught mysqli_sql_exception: Access denied for user 'root'@'localhost' (using password: YES) in C:\\xampp\\htdocs\\website\\check.php:17\nStack trace:\n#0 C:\\xampp\\htdocs\\website\\check.php(17): mysqli->__construct('localhost', 'root', Object(SensitiveParameterValue), 'balti24db')\n#1 {main}\n  thrown in C:\\xampp\\htdocs\\website\\check.php on line 17, referer: https://localhost/website/index.html
[Fri Dec 13 01:26:49.913785 2024] [php:error] [pid 18792:tid 1844] [client ::1:59423] PHP Fatal error:  Uncaught mysqli_sql_exception: Unknown column 'password' in 'field list' in C:\\xampp\\htdocs\\website\\check.php:18\nStack trace:\n#0 C:\\xampp\\htdocs\\website\\check.php(18): mysqli->query('INSERT INTO `us...')\n#1 {main}\n  thrown in C:\\xampp\\htdocs\\website\\check.php on line 18, referer: https://localhost/website/index.html
[Fri Dec 13 01:48:26.424985 2024] [php:error] [pid 18792:tid 1828] [client ::1:59598] PHP Fatal error:  Uncaught TypeError: count(): Argument #1 ($value) must be of type Countable|array, null given in C:\\xampp\\htdocs\\website\\auth.php:14\nStack trace:\n#0 {main}\n  thrown in C:\\xampp\\htdocs\\website\\auth.php on line 14, referer: https://localhost/website/index.html
[Fri Dec 13 01:55:48.563079 2024] [php:warn] [pid 18792:tid 1852] [client ::1:59676] PHP Warning:  Undefined variable $user in C:\\xampp\\htdocs\\website\\exit.php on line 2, referer: https://localhost/website/index.php
[Fri Dec 13 01:55:48.564079 2024] [php:warn] [pid 18792:tid 1852] [client ::1:59676] PHP Warning:  Trying to access array offset on value of type null in C:\\xampp\\htdocs\\website\\exit.php on line 2, referer: https://localhost/website/index.php
[Fri Dec 13 01:58:14.438789 2024] [php:warn] [pid 18792:tid 1844] [client ::1:59737] PHP Warning:  Undefined variable $user in C:\\xampp\\htdocs\\website\\exit.php on line 2, referer: https://localhost/website/index.php
[Fri Dec 13 01:58:14.438789 2024] [php:warn] [pid 18792:tid 1844] [client ::1:59737] PHP Warning:  Trying to access array offset on value of type null in C:\\xampp\\htdocs\\website\\exit.php on line 2, referer: https://localhost/website/index.php
[Fri Dec 13 02:04:30.885909 2024] [ssl:warn] [pid 5472:tid 424] AH01909: www.example.com:443:0 server certificate does NOT include an ID which matches the server name
[Fri Dec 13 02:04:30.947977 2024] [core:warn] [pid 5472:tid 424] AH00098: pid file C:/xampp/apache/logs/httpd.pid overwritten -- Unclean shutdown of previous Apache run?
[Fri Dec 13 02:04:30.951961 2024] [ssl:warn] [pid 5472:tid 424] AH01909: www.example.com:443:0 server certificate does NOT include an ID which matches the server name
[Fri Dec 13 02:04:31.009942 2024] [mpm_winnt:notice] [pid 5472:tid 424] AH00455: Apache/2.4.58 (Win64) OpenSSL/3.1.3 PHP/8.2.12 configured -- resuming normal operations
[Fri Dec 13 02:04:31.009942 2024] [mpm_winnt:notice] [pid 5472:tid 424] AH00456: Apache Lounge VS17 Server built: Oct 18 2023 13:03:18
[Fri Dec 13 02:04:31.009942 2024] [core:notice] [pid 5472:tid 424] AH00094: Command line: 'c:\\xampp\\apache\\bin\\httpd.exe -d C:/xampp/apache'
[Fri Dec 13 02:04:31.026059 2024] [mpm_winnt:notice] [pid 5472:tid 424] AH00418: Parent: Created child process 18840
[Fri Dec 13 02:04:31.827459 2024] [ssl:warn] [pid 18840:tid 428] AH01909: www.example.com:443:0 server certificate does NOT include an ID which matches the server name
[Fri Dec 13 02:04:31.886951 2024] [ssl:warn] [pid 18840:tid 428] AH01909: www.example.com:443:0 server certificate does NOT include an ID which matches the server name
[Fri Dec 13 02:04:31.950940 2024] [mpm_winnt:notice] [pid 18840:tid 428] AH00354: Child: Starting 150 worker threads.
[Fri Dec 13 02:05:30.831904 2024] [php:warn] [pid 18840:tid 1832] [client ::1:59981] PHP Warning:  Undefined variable $user in C:\\xampp\\htdocs\\website\\exit.php on line 2, referer: https://localhost/website/index.php
[Fri Dec 13 02:05:30.832916 2024] [php:warn] [pid 18840:tid 1832] [client ::1:59981] PHP Warning:  Trying to access array offset on value of type null in C:\\xampp\\htdocs\\website\\exit.php on line 2, referer: https://localhost/website/index.php
[Fri Dec 13 02:05:42.237255 2024] [php:warn] [pid 18840:tid 1844] [client ::1:59997] PHP Warning:  Undefined variable $user in C:\\xampp\\htdocs\\website\\exit.php on line 2, referer: https://localhost/website/index.php
[Fri Dec 13 02:05:42.237255 2024] [php:warn] [pid 18840:tid 1844] [client ::1:59997] PHP Warning:  Trying to access array offset on value of type null in C:\\xampp\\htdocs\\website\\exit.php on line 2, referer: https://localhost/website/index.php
