[13/Dec/2024:00:48:47 +0200] ::1 TLSv1.3 TLS_AES_256_GCM_SHA384 "GET / HTTP/1.1" -
[13/Dec/2024:00:48:47 +0200] ::1 TLSv1.3 TLS_AES_256_GCM_SHA384 "GET /dashboard/ HTTP/1.1" 5187
[13/Dec/2024:00:48:47 +0200] ::1 TLSv1.3 TLS_AES_256_GCM_SHA384 "GET /dashboard/stylesheets/normalize.css HTTP/1.1" 6876
[13/Dec/2024:00:48:47 +0200] ::1 TLSv1.3 TLS_AES_256_GCM_SHA384 "GET /dashboard/images/xampp-logo.svg HTTP/1.1" 5427
[13/Dec/2024:00:48:47 +0200] ::1 TLSv1.3 TLS_AES_256_GCM_SHA384 "GET /dashboard/images/fastly-logo.png HTTP/1.1" 1770
[13/Dec/2024:00:48:47 +0200] ::1 TLSv1.3 TLS_AES_256_GCM_SHA384 "GET /dashboard/stylesheets/all.css HTTP/1.1" 406998
[13/Dec/2024:00:48:47 +0200] ::1 TLSv1.3 TLS_AES_256_GCM_SHA384 "GET /dashboard/javascripts/all.js HTTP/1.1" 188385
[13/Dec/2024:00:48:47 +0200] ::1 TLSv1.3 TLS_AES_256_GCM_SHA384 "GET /dashboard/javascripts/modernizr.js HTTP/1.1" 51365
[13/Dec/2024:00:48:48 +0200] ::1 TLSv1.3 TLS_AES_256_GCM_SHA384 "GET /dashboard/images/social-icons.png HTTP/1.1" 3361
[13/Dec/2024:00:48:48 +0200] ::1 TLSv1.3 TLS_AES_256_GCM_SHA384 "GET /dashboard/images/favicon.png HTTP/1.1" 2508
[13/Dec/2024:00:49:04 +0200] ::1 TLSv1.3 TLS_AES_256_GCM_SHA384 "GET /website HTTP/1.1" 334
[13/Dec/2024:00:49:04 +0200] ::1 TLSv1.3 TLS_AES_256_GCM_SHA384 "GET /website/ HTTP/1.1" 215
[13/Dec/2024:00:49:04 +0200] ::1 TLSv1.3 TLS_AES_256_GCM_SHA384 "GET /favicon.ico HTTP/1.1" 30894
[13/Dec/2024:00:59:13 +0200] ::1 TLSv1.3 TLS_AES_256_GCM_SHA384 "GET /website/ HTTP/1.1" 932
[13/Dec/2024:00:59:13 +0200] ::1 TLSv1.3 TLS_AES_256_GCM_SHA384 "GET /website/style.css HTTP/1.1" -
[13/Dec/2024:00:59:13 +0200] ::1 TLSv1.3 TLS_AES_256_GCM_SHA384 "GET /favicon.ico HTTP/1.1" 30894
[13/Dec/2024:00:59:34 +0200] ::1 TLSv1.3 TLS_AES_256_GCM_SHA384 "GET /website/ HTTP/1.1" 932
[13/Dec/2024:00:59:34 +0200] ::1 TLSv1.3 TLS_AES_256_GCM_SHA384 "GET /favicon.ico HTTP/1.1" 30894
[13/Dec/2024:01:00:36 +0200] ::1 TLSv1.3 TLS_AES_256_GCM_SHA384 "GET /website/ HTTP/1.1" 1040
[13/Dec/2024:01:00:36 +0200] ::1 TLSv1.3 TLS_AES_256_GCM_SHA384 "GET /website/style.css HTTP/1.1" 28
[13/Dec/2024:01:00:37 +0200] ::1 TLSv1.3 TLS_AES_256_GCM_SHA384 "GET /favicon.ico HTTP/1.1" 30894
[13/Dec/2024:01:07:58 +0200] ::1 TLSv1.3 TLS_AES_256_GCM_SHA384 "GET /website/ HTTP/1.1" 1160
[13/Dec/2024:01:07:58 +0200] ::1 TLSv1.3 TLS_AES_256_GCM_SHA384 "GET /website/style.css HTTP/1.1" 28
[13/Dec/2024:01:07:58 +0200] ::1 TLSv1.3 TLS_AES_256_GCM_SHA384 "GET /favicon.ico HTTP/1.1" 30894
[13/Dec/2024:01:08:16 +0200] ::1 TLSv1.3 TLS_AES_256_GCM_SHA384 "POST /website/index.php HTTP/1.1" 1044
[13/Dec/2024:01:08:46 +0200] ::1 TLSv1.3 TLS_AES_256_GCM_SHA384 "POST /website/index.php HTTP/1.1" 1044
[13/Dec/2024:01:08:46 +0200] ::1 TLSv1.3 TLS_AES_256_GCM_SHA384 "GET /favicon.ico HTTP/1.1" 30894
[13/Dec/2024:01:08:47 +0200] ::1 TLSv1.3 TLS_AES_256_GCM_SHA384 "POST /website/index.php HTTP/1.1" 1044
[13/Dec/2024:01:08:47 +0200] ::1 TLSv1.3 TLS_AES_256_GCM_SHA384 "GET /favicon.ico HTTP/1.1" 30894
[13/Dec/2024:01:08:48 +0200] ::1 TLSv1.3 TLS_AES_256_GCM_SHA384 "POST /website/index.php HTTP/1.1" 1044
[13/Dec/2024:01:08:48 +0200] ::1 TLSv1.3 TLS_AES_256_GCM_SHA384 "GET /favicon.ico HTTP/1.1" 30894
[13/Dec/2024:01:08:58 +0200] ::1 TLSv1.3 TLS_AES_256_GCM_SHA384 "POST /website/check.php HTTP/1.1" 4
[13/Dec/2024:01:09:01 +0200] ::1 TLSv1.3 TLS_AES_256_GCM_SHA384 "POST /website/index.php HTTP/1.1" 1044
[13/Dec/2024:01:09:01 +0200] ::1 TLSv1.3 TLS_AES_256_GCM_SHA384 "GET /website/style.css HTTP/1.1" -
[13/Dec/2024:01:09:01 +0200] ::1 TLSv1.3 TLS_AES_256_GCM_SHA384 "GET /favicon.ico HTTP/1.1" 30894
[13/Dec/2024:01:09:02 +0200] ::1 TLSv1.3 TLS_AES_256_GCM_SHA384 "POST /website/index.php HTTP/1.1" 1044
[13/Dec/2024:01:09:02 +0200] ::1 TLSv1.3 TLS_AES_256_GCM_SHA384 "GET /favicon.ico HTTP/1.1" 30894
[13/Dec/2024:01:09:18 +0200] ::1 TLSv1.3 TLS_AES_256_GCM_SHA384 "POST /website/index.php HTTP/1.1" 296
[13/Dec/2024:01:09:18 +0200] ::1 TLSv1.3 TLS_AES_256_GCM_SHA384 "GET /favicon.ico HTTP/1.1" 30894
[13/Dec/2024:01:09:19 +0200] ::1 TLSv1.3 TLS_AES_256_GCM_SHA384 "POST /website/index.php HTTP/1.1" 296
[13/Dec/2024:01:09:19 +0200] ::1 TLSv1.3 TLS_AES_256_GCM_SHA384 "GET /favicon.ico HTTP/1.1" 30894
[13/Dec/2024:01:09:20 +0200] ::1 TLSv1.3 TLS_AES_256_GCM_SHA384 "POST /website/index.php HTTP/1.1" 296
[13/Dec/2024:01:09:20 +0200] ::1 TLSv1.3 TLS_AES_256_GCM_SHA384 "GET /favicon.ico HTTP/1.1" 30894
[13/Dec/2024:01:09:20 +0200] ::1 TLSv1.3 TLS_AES_256_GCM_SHA384 "POST /website/index.php HTTP/1.1" 296
[13/Dec/2024:01:09:20 +0200] ::1 TLSv1.3 TLS_AES_256_GCM_SHA384 "GET /favicon.ico HTTP/1.1" 30894
[13/Dec/2024:01:09:23 +0200] ::1 TLSv1.3 TLS_AES_256_GCM_SHA384 "GET /website/index.html HTTP/1.1" 1038
[13/Dec/2024:01:09:24 +0200] ::1 TLSv1.3 TLS_AES_256_GCM_SHA384 "GET /website/index.html HTTP/1.1" 1038
[13/Dec/2024:01:09:25 +0200] ::1 TLSv1.3 TLS_AES_256_GCM_SHA384 "GET /favicon.ico HTTP/1.1" 30894
[13/Dec/2024:01:09:29 +0200] ::1 TLSv1.3 TLS_AES_256_GCM_SHA384 "POST /website/check.php HTTP/1.1" 4
[13/Dec/2024:01:09:30 +0200] ::1 TLSv1.3 TLS_AES_256_GCM_SHA384 "GET /website/index.html HTTP/1.1" 1038
[13/Dec/2024:01:09:30 +0200] ::1 TLSv1.3 TLS_AES_256_GCM_SHA384 "GET /favicon.ico HTTP/1.1" 30894
[13/Dec/2024:01:10:58 +0200] ::1 TLSv1.3 TLS_AES_256_GCM_SHA384 "POST /website/check.php HTTP/1.1" 4
[13/Dec/2024:01:18:37 +0200] ::1 TLSv1.3 TLS_AES_256_GCM_SHA384 "POST /website/check.php HTTP/1.1" 155
[13/Dec/2024:01:18:37 +0200] ::1 TLSv1.3 TLS_AES_256_GCM_SHA384 "GET /favicon.ico HTTP/1.1" 30894
[13/Dec/2024:01:18:39 +0200] ::1 TLSv1.3 TLS_AES_256_GCM_SHA384 "GET /website/index.html HTTP/1.1" 1038
[13/Dec/2024:01:18:39 +0200] ::1 TLSv1.3 TLS_AES_256_GCM_SHA384 "GET /website/style.css HTTP/1.1" -
[13/Dec/2024:01:18:39 +0200] ::1 TLSv1.3 TLS_AES_256_GCM_SHA384 "GET /favicon.ico HTTP/1.1" 30894
[13/Dec/2024:01:18:48 +0200] ::1 TLSv1.3 TLS_AES_256_GCM_SHA384 "POST /website/check.php HTTP/1.1" 155
[13/Dec/2024:01:23:59 +0200] ::1 TLSv1.3 TLS_AES_256_GCM_SHA384 "GET /website/index.html HTTP/1.1" 1038
[13/Dec/2024:01:23:59 +0200] ::1 TLSv1.3 TLS_AES_256_GCM_SHA384 "GET /website/style.css HTTP/1.1" -
[13/Dec/2024:01:23:59 +0200] ::1 TLSv1.3 TLS_AES_256_GCM_SHA384 "GET /favicon.ico HTTP/1.1" 30894
[13/Dec/2024:01:24:22 +0200] ::1 TLSv1.3 TLS_AES_256_GCM_SHA384 "POST /website/check.php HTTP/1.1" 157
[13/Dec/2024:01:26:03 +0200] ::1 TLSv1.3 TLS_AES_256_GCM_SHA384 "POST /website/check.php HTTP/1.1" 395
[13/Dec/2024:01:26:49 +0200] ::1 TLSv1.3 TLS_AES_256_GCM_SHA384 "POST /website/check.php HTTP/1.1" 322
[13/Dec/2024:01:27:46 +0200] ::1 TLSv1.3 TLS_AES_256_GCM_SHA384 "GET /website/index.html HTTP/1.1" 1038
[13/Dec/2024:01:27:46 +0200] ::1 TLSv1.3 TLS_AES_256_GCM_SHA384 "GET /website/style.css HTTP/1.1" -
[13/Dec/2024:01:27:46 +0200] ::1 TLSv1.3 TLS_AES_256_GCM_SHA384 "GET /favicon.ico HTTP/1.1" 30894
[13/Dec/2024:01:27:52 +0200] ::1 TLSv1.3 TLS_AES_256_GCM_SHA384 "POST /website/check.php HTTP/1.1" -
[13/Dec/2024:01:28:29 +0200] ::1 TLSv1.3 TLS_AES_256_GCM_SHA384 "GET /website/index.html HTTP/1.1" 1038
[13/Dec/2024:01:28:29 +0200] ::1 TLSv1.3 TLS_AES_256_GCM_SHA384 "GET /favicon.ico HTTP/1.1" 30894
[13/Dec/2024:01:28:57 +0200] ::1 TLSv1.3 TLS_AES_256_GCM_SHA384 "POST /website/check.php HTTP/1.1" -
[13/Dec/2024:01:30:52 +0200] ::1 TLSv1.3 TLS_AES_256_GCM_SHA384 "GET /website/index.html HTTP/1.1" 1038
[13/Dec/2024:01:30:52 +0200] ::1 TLSv1.3 TLS_AES_256_GCM_SHA384 "GET /website/style.css HTTP/1.1" -
[13/Dec/2024:01:30:52 +0200] ::1 TLSv1.3 TLS_AES_256_GCM_SHA384 "GET /favicon.ico HTTP/1.1" 30894
[13/Dec/2024:01:31:14 +0200] ::1 TLSv1.3 TLS_AES_256_GCM_SHA384 "POST /website/check.php HTTP/1.1" -
[13/Dec/2024:01:31:14 +0200] ::1 TLSv1.3 TLS_AES_256_GCM_SHA384 "GET / HTTP/1.1" -
[13/Dec/2024:01:31:14 +0200] ::1 TLSv1.3 TLS_AES_256_GCM_SHA384 "GET /dashboard/ HTTP/1.1" 5187
[13/Dec/2024:01:31:14 +0200] ::1 TLSv1.3 TLS_AES_256_GCM_SHA384 "GET /dashboard/stylesheets/normalize.css HTTP/1.1" 6876
[13/Dec/2024:01:31:14 +0200] ::1 TLSv1.3 TLS_AES_256_GCM_SHA384 "GET /dashboard/stylesheets/all.css HTTP/1.1" 406998
[13/Dec/2024:01:31:14 +0200] ::1 TLSv1.3 TLS_AES_256_GCM_SHA384 "GET /dashboard/images/fastly-logo.png HTTP/1.1" 1770
[13/Dec/2024:01:31:14 +0200] ::1 TLSv1.3 TLS_AES_256_GCM_SHA384 "GET /dashboard/images/xampp-logo.svg HTTP/1.1" 5427
[13/Dec/2024:01:31:14 +0200] ::1 TLSv1.3 TLS_AES_256_GCM_SHA384 "GET /dashboard/javascripts/modernizr.js HTTP/1.1" 51365
[13/Dec/2024:01:31:14 +0200] ::1 TLSv1.3 TLS_AES_256_GCM_SHA384 "GET /dashboard/javascripts/all.js HTTP/1.1" 188385
[13/Dec/2024:01:31:14 +0200] ::1 TLSv1.3 TLS_AES_256_GCM_SHA384 "GET /dashboard/images/social-icons.png HTTP/1.1" 3361
[13/Dec/2024:01:31:29 +0200] ::1 TLSv1.3 TLS_AES_256_GCM_SHA384 "GET /website/index.html HTTP/1.1" 1038
[13/Dec/2024:01:31:29 +0200] ::1 TLSv1.3 TLS_AES_256_GCM_SHA384 "GET /favicon.ico HTTP/1.1" 30894
[13/Dec/2024:01:38:35 +0200] ::1 TLSv1.3 TLS_AES_256_GCM_SHA384 "GET /website/index.html HTTP/1.1" 1694
[13/Dec/2024:01:38:35 +0200] ::1 TLSv1.3 TLS_AES_256_GCM_SHA384 "GET /website/style.css HTTP/1.1" -
[13/Dec/2024:01:38:35 +0200] ::1 TLSv1.3 TLS_AES_256_GCM_SHA384 "GET /favicon.ico HTTP/1.1" 30894
[13/Dec/2024:01:46:09 +0200] ::1 TLSv1.3 TLS_AES_256_GCM_SHA384 "POST /website/auth.php HTTP/1.1" 95
[13/Dec/2024:01:48:17 +0200] ::1 TLSv1.3 TLS_AES_256_GCM_SHA384 "POST /website/auth.php HTTP/1.1" -
[13/Dec/2024:01:48:17 +0200] ::1 TLSv1.3 TLS_AES_256_GCM_SHA384 "GET / HTTP/1.1" -
[13/Dec/2024:01:48:17 +0200] ::1 TLSv1.3 TLS_AES_256_GCM_SHA384 "GET /dashboard/ HTTP/1.1" 5187
[13/Dec/2024:01:48:17 +0200] ::1 TLSv1.3 TLS_AES_256_GCM_SHA384 "GET /dashboard/stylesheets/normalize.css HTTP/1.1" 6876
[13/Dec/2024:01:48:17 +0200] ::1 TLSv1.3 TLS_AES_256_GCM_SHA384 "GET /dashboard/stylesheets/all.css HTTP/1.1" 406998
[13/Dec/2024:01:48:17 +0200] ::1 TLSv1.3 TLS_AES_256_GCM_SHA384 "GET /dashboard/images/xampp-logo.svg HTTP/1.1" 5427
[13/Dec/2024:01:48:17 +0200] ::1 TLSv1.3 TLS_AES_256_GCM_SHA384 "GET /dashboard/javascripts/modernizr.js HTTP/1.1" 51365
[13/Dec/2024:01:48:17 +0200] ::1 TLSv1.3 TLS_AES_256_GCM_SHA384 "GET /dashboard/images/fastly-logo.png HTTP/1.1" 1770
[13/Dec/2024:01:48:17 +0200] ::1 TLSv1.3 TLS_AES_256_GCM_SHA384 "GET /dashboard/javascripts/all.js HTTP/1.1" 188385
[13/Dec/2024:01:48:17 +0200] ::1 TLSv1.3 TLS_AES_256_GCM_SHA384 "GET /dashboard/images/social-icons.png HTTP/1.1" 3361
[13/Dec/2024:01:48:18 +0200] ::1 TLSv1.3 TLS_AES_256_GCM_SHA384 "GET /favicon.ico HTTP/1.1" 30894
[13/Dec/2024:01:48:19 +0200] ::1 TLSv1.3 TLS_AES_256_GCM_SHA384 "GET /website/index.html HTTP/1.1" 1694
[13/Dec/2024:01:48:19 +0200] ::1 TLSv1.3 TLS_AES_256_GCM_SHA384 "GET /website/style.css HTTP/1.1" 28
[13/Dec/2024:01:48:19 +0200] ::1 TLSv1.3 TLS_AES_256_GCM_SHA384 "GET /favicon.ico HTTP/1.1" 30894
[13/Dec/2024:01:48:26 +0200] ::1 TLSv1.3 TLS_AES_256_GCM_SHA384 "POST /website/auth.php HTTP/1.1" 260
[13/Dec/2024:01:50:05 +0200] ::1 TLSv1.3 TLS_AES_256_GCM_SHA384 "GET /website/index.html HTTP/1.1" 1694
[13/Dec/2024:01:50:05 +0200] ::1 TLSv1.3 TLS_AES_256_GCM_SHA384 "GET /favicon.ico HTTP/1.1" 30894
[13/Dec/2024:01:50:08 +0200] ::1 TLSv1.3 TLS_AES_256_GCM_SHA384 "POST /website/auth.php HTTP/1.1" 14
[13/Dec/2024:01:50:32 +0200] ::1 TLSv1.3 TLS_AES_256_GCM_SHA384 "POST /website/auth.php HTTP/1.1" -
[13/Dec/2024:01:50:32 +0200] ::1 TLSv1.3 TLS_AES_256_GCM_SHA384 "GET / HTTP/1.1" -
[13/Dec/2024:01:50:32 +0200] ::1 TLSv1.3 TLS_AES_256_GCM_SHA384 "GET /dashboard/ HTTP/1.1" 5187
[13/Dec/2024:01:52:15 +0200] ::1 TLSv1.3 TLS_AES_256_GCM_SHA384 "GET /website/index.html HTTP/1.1" 296
[13/Dec/2024:01:52:15 +0200] ::1 TLSv1.3 TLS_AES_256_GCM_SHA384 "GET /favicon.ico HTTP/1.1" 30894
[13/Dec/2024:01:54:25 +0200] ::1 TLSv1.3 TLS_AES_256_GCM_SHA384 "POST /website/index.php HTTP/1.1" 602
[13/Dec/2024:01:54:25 +0200] ::1 TLSv1.3 TLS_AES_256_GCM_SHA384 "GET /website/style.css HTTP/1.1" 28
[13/Dec/2024:01:54:26 +0200] ::1 TLSv1.3 TLS_AES_256_GCM_SHA384 "GET /favicon.ico HTTP/1.1" 30894
[13/Dec/2024:01:54:29 +0200] ::1 TLSv1.3 TLS_AES_256_GCM_SHA384 "GET /website/ HTTP/1.1" 602
[13/Dec/2024:01:54:30 +0200] ::1 TLSv1.3 TLS_AES_256_GCM_SHA384 "GET /dashboard/ HTTP/1.1" 5187
[13/Dec/2024:01:54:31 +0200] ::1 TLSv1.3 TLS_AES_256_GCM_SHA384 "GET /dashboard/ HTTP/1.1" 5187
[13/Dec/2024:01:54:31 +0200] ::1 TLSv1.3 TLS_AES_256_GCM_SHA384 "GET /dashboard/images/favicon.png HTTP/1.1" 2508
[13/Dec/2024:01:54:31 +0200] ::1 TLSv1.3 TLS_AES_256_GCM_SHA384 "GET /dashboard/ HTTP/1.1" 5187
[13/Dec/2024:01:54:31 +0200] ::1 TLSv1.3 TLS_AES_256_GCM_SHA384 "GET /dashboard/images/favicon.png HTTP/1.1" 2508
[13/Dec/2024:01:55:46 +0200] ::1 TLSv1.3 TLS_AES_256_GCM_SHA384 "GET /website/index.php HTTP/1.1" 602
[13/Dec/2024:01:55:46 +0200] ::1 TLSv1.3 TLS_AES_256_GCM_SHA384 "GET /website/style.css HTTP/1.1" 28
[13/Dec/2024:01:55:48 +0200] ::1 TLSv1.3 TLS_AES_256_GCM_SHA384 "GET /website/exit.php HTTP/1.1" 257
[13/Dec/2024:01:55:48 +0200] ::1 TLSv1.3 TLS_AES_256_GCM_SHA384 "GET / HTTP/1.1" -
[13/Dec/2024:01:55:48 +0200] ::1 TLSv1.3 TLS_AES_256_GCM_SHA384 "GET /dashboard/ HTTP/1.1" 5187
[13/Dec/2024:01:55:48 +0200] ::1 TLSv1.3 TLS_AES_256_GCM_SHA384 "GET /dashboard/stylesheets/normalize.css HTTP/1.1" 6876
[13/Dec/2024:01:55:48 +0200] ::1 TLSv1.3 TLS_AES_256_GCM_SHA384 "GET /dashboard/stylesheets/all.css HTTP/1.1" 406998
[13/Dec/2024:01:55:48 +0200] ::1 TLSv1.3 TLS_AES_256_GCM_SHA384 "GET /dashboard/javascripts/modernizr.js HTTP/1.1" 51365
[13/Dec/2024:01:55:48 +0200] ::1 TLSv1.3 TLS_AES_256_GCM_SHA384 "GET /dashboard/images/xampp-logo.svg HTTP/1.1" 5427
[13/Dec/2024:01:55:48 +0200] ::1 TLSv1.3 TLS_AES_256_GCM_SHA384 "GET /dashboard/images/fastly-logo.png HTTP/1.1" 1770
[13/Dec/2024:01:55:48 +0200] ::1 TLSv1.3 TLS_AES_256_GCM_SHA384 "GET /dashboard/javascripts/all.js HTTP/1.1" 188385
[13/Dec/2024:01:55:48 +0200] ::1 TLSv1.3 TLS_AES_256_GCM_SHA384 "GET /dashboard/images/social-icons.png HTTP/1.1" 3361
[13/Dec/2024:01:55:54 +0200] ::1 TLSv1.3 TLS_AES_256_GCM_SHA384 "GET /dashboard/ HTTP/1.1" 5187
[13/Dec/2024:01:55:55 +0200] ::1 TLSv1.3 TLS_AES_256_GCM_SHA384 "GET /dashboard/images/favicon.png HTTP/1.1" 2508
[13/Dec/2024:01:55:55 +0200] ::1 TLSv1.3 TLS_AES_256_GCM_SHA384 "GET /dashboard/ HTTP/1.1" 5187
[13/Dec/2024:01:55:55 +0200] ::1 TLSv1.3 TLS_AES_256_GCM_SHA384 "GET /dashboard/images/favicon.png HTTP/1.1" 2508
[13/Dec/2024:01:55:56 +0200] ::1 TLSv1.3 TLS_AES_256_GCM_SHA384 "GET /dashboard/ HTTP/1.1" 5187
[13/Dec/2024:01:55:56 +0200] ::1 TLSv1.3 TLS_AES_256_GCM_SHA384 "GET /dashboard/images/favicon.png HTTP/1.1" 2508
[13/Dec/2024:01:55:56 +0200] ::1 TLSv1.3 TLS_AES_256_GCM_SHA384 "GET /dashboard/ HTTP/1.1" 5187
[13/Dec/2024:01:55:56 +0200] ::1 TLSv1.3 TLS_AES_256_GCM_SHA384 "GET /dashboard/images/favicon.png HTTP/1.1" 2508
[13/Dec/2024:01:55:56 +0200] ::1 TLSv1.3 TLS_AES_256_GCM_SHA384 "GET /dashboard/ HTTP/1.1" 5187
[13/Dec/2024:01:55:56 +0200] ::1 TLSv1.3 TLS_AES_256_GCM_SHA384 "GET /dashboard/images/favicon.png HTTP/1.1" 2508
[13/Dec/2024:01:55:58 +0200] ::1 TLSv1.3 TLS_AES_256_GCM_SHA384 "GET /website/index.php HTTP/1.1" 1716
[13/Dec/2024:01:55:58 +0200] ::1 TLSv1.3 TLS_AES_256_GCM_SHA384 "GET /favicon.ico HTTP/1.1" 30894
[13/Dec/2024:01:56:05 +0200] ::1 TLSv1.3 TLS_AES_256_GCM_SHA384 "POST /website/auth.php HTTP/1.1" 14
[13/Dec/2024:01:57:09 +0200] ::1 TLSv1.3 TLS_AES_256_GCM_SHA384 "POST /website/check.php HTTP/1.1" 37
[13/Dec/2024:01:57:19 +0200] ::1 TLSv1.3 TLS_AES_256_GCM_SHA384 "POST /website/check.php HTTP/1.1" -
[13/Dec/2024:01:57:19 +0200] ::1 TLSv1.3 TLS_AES_256_GCM_SHA384 "GET / HTTP/1.1" -
[13/Dec/2024:01:57:19 +0200] ::1 TLSv1.3 TLS_AES_256_GCM_SHA384 "GET /dashboard/ HTTP/1.1" 5187
[13/Dec/2024:01:57:39 +0200] ::1 TLSv1.3 TLS_AES_256_GCM_SHA384 "POST /website/auth.php HTTP/1.1" -
[13/Dec/2024:01:57:39 +0200] ::1 TLSv1.3 TLS_AES_256_GCM_SHA384 "GET / HTTP/1.1" -
[13/Dec/2024:01:57:39 +0200] ::1 TLSv1.3 TLS_AES_256_GCM_SHA384 "GET /dashboard/ HTTP/1.1" 5187
[13/Dec/2024:01:57:44 +0200] ::1 TLSv1.3 TLS_AES_256_GCM_SHA384 "GET /dashboard/ HTTP/1.1" 5187
[13/Dec/2024:01:57:44 +0200] ::1 TLSv1.3 TLS_AES_256_GCM_SHA384 "GET /dashboard/images/favicon.png HTTP/1.1" 2508
[13/Dec/2024:01:57:45 +0200] ::1 TLSv1.3 TLS_AES_256_GCM_SHA384 "GET /dashboard/ HTTP/1.1" 5187
[13/Dec/2024:01:57:45 +0200] ::1 TLSv1.3 TLS_AES_256_GCM_SHA384 "GET /dashboard/images/favicon.png HTTP/1.1" 2508
[13/Dec/2024:01:58:04 +0200] ::1 TLSv1.3 TLS_AES_256_GCM_SHA384 "GET /website/index.php HTTP/1.1" 597
[13/Dec/2024:01:58:04 +0200] ::1 TLSv1.3 TLS_AES_256_GCM_SHA384 "GET /website/style.css HTTP/1.1" 28
[13/Dec/2024:01:58:14 +0200] ::1 TLSv1.3 TLS_AES_256_GCM_SHA384 "GET /website/exit.php HTTP/1.1" 257
[13/Dec/2024:01:58:14 +0200] ::1 TLSv1.3 TLS_AES_256_GCM_SHA384 "GET / HTTP/1.1" -
[13/Dec/2024:01:58:14 +0200] ::1 TLSv1.3 TLS_AES_256_GCM_SHA384 "GET /dashboard/ HTTP/1.1" 5187
[13/Dec/2024:01:58:14 +0200] ::1 TLSv1.3 TLS_AES_256_GCM_SHA384 "GET /dashboard/stylesheets/normalize.css HTTP/1.1" 6876
[13/Dec/2024:01:58:14 +0200] ::1 TLSv1.3 TLS_AES_256_GCM_SHA384 "GET /dashboard/stylesheets/all.css HTTP/1.1" 406998
[13/Dec/2024:01:58:14 +0200] ::1 TLSv1.3 TLS_AES_256_GCM_SHA384 "GET /dashboard/javascripts/modernizr.js HTTP/1.1" 51365
[13/Dec/2024:01:58:14 +0200] ::1 TLSv1.3 TLS_AES_256_GCM_SHA384 "GET /dashboard/images/xampp-logo.svg HTTP/1.1" 5427
[13/Dec/2024:01:58:14 +0200] ::1 TLSv1.3 TLS_AES_256_GCM_SHA384 "GET /dashboard/images/fastly-logo.png HTTP/1.1" 1770
[13/Dec/2024:01:58:14 +0200] ::1 TLSv1.3 TLS_AES_256_GCM_SHA384 "GET /dashboard/javascripts/all.js HTTP/1.1" 188385
[13/Dec/2024:01:58:14 +0200] ::1 TLSv1.3 TLS_AES_256_GCM_SHA384 "GET /dashboard/images/social-icons.png HTTP/1.1" 3361
[13/Dec/2024:01:58:16 +0200] ::1 TLSv1.3 TLS_AES_256_GCM_SHA384 "GET /dashboard/ HTTP/1.1" 5187
[13/Dec/2024:01:58:16 +0200] ::1 TLSv1.3 TLS_AES_256_GCM_SHA384 "GET /dashboard/images/favicon.png HTTP/1.1" 2508
[13/Dec/2024:01:58:19 +0200] ::1 TLSv1.3 TLS_AES_256_GCM_SHA384 "GET /website/index.php HTTP/1.1" 1716
[13/Dec/2024:01:58:19 +0200] ::1 TLSv1.3 TLS_AES_256_GCM_SHA384 "GET /favicon.ico HTTP/1.1" 30894
[13/Dec/2024:02:04:40 +0200] ::1 TLSv1.3 TLS_AES_256_GCM_SHA384 "GET /website/index.php HTTP/1.1" 1716
[13/Dec/2024:02:04:40 +0200] ::1 TLSv1.3 TLS_AES_256_GCM_SHA384 "GET /website/style.css HTTP/1.1" 28
[13/Dec/2024:02:05:13 +0200] ::1 TLSv1.3 TLS_AES_256_GCM_SHA384 "POST /website/check.php HTTP/1.1" -
[13/Dec/2024:02:05:13 +0200] ::1 TLSv1.3 TLS_AES_256_GCM_SHA384 "GET / HTTP/1.1" -
[13/Dec/2024:02:05:13 +0200] ::1 TLSv1.3 TLS_AES_256_GCM_SHA384 "GET /dashboard/ HTTP/1.1" 5187
[13/Dec/2024:02:05:13 +0200] ::1 TLSv1.3 TLS_AES_256_GCM_SHA384 "GET /dashboard/stylesheets/normalize.css HTTP/1.1" 6876
[13/Dec/2024:02:05:13 +0200] ::1 TLSv1.3 TLS_AES_256_GCM_SHA384 "GET /dashboard/stylesheets/all.css HTTP/1.1" 406998
[13/Dec/2024:02:05:13 +0200] ::1 TLSv1.3 TLS_AES_256_GCM_SHA384 "GET /dashboard/javascripts/modernizr.js HTTP/1.1" 51365
[13/Dec/2024:02:05:13 +0200] ::1 TLSv1.3 TLS_AES_256_GCM_SHA384 "GET /dashboard/images/xampp-logo.svg HTTP/1.1" 5427
[13/Dec/2024:02:05:13 +0200] ::1 TLSv1.3 TLS_AES_256_GCM_SHA384 "GET /dashboard/images/fastly-logo.png HTTP/1.1" 1770
[13/Dec/2024:02:05:13 +0200] ::1 TLSv1.3 TLS_AES_256_GCM_SHA384 "GET /dashboard/javascripts/all.js HTTP/1.1" 188385
[13/Dec/2024:02:05:13 +0200] ::1 TLSv1.3 TLS_AES_256_GCM_SHA384 "GET /dashboard/images/social-icons.png HTTP/1.1" 3361
[13/Dec/2024:02:05:17 +0200] ::1 TLSv1.3 TLS_AES_256_GCM_SHA384 "GET /dashboard/ HTTP/1.1" 5187
[13/Dec/2024:02:05:17 +0200] ::1 TLSv1.3 TLS_AES_256_GCM_SHA384 "GET /dashboard/images/favicon.png HTTP/1.1" 2508
[13/Dec/2024:02:05:24 +0200] ::1 TLSv1.3 TLS_AES_256_GCM_SHA384 "POST /website/auth.php HTTP/1.1" -
[13/Dec/2024:02:05:24 +0200] ::1 TLSv1.3 TLS_AES_256_GCM_SHA384 "GET / HTTP/1.1" -
[13/Dec/2024:02:05:24 +0200] ::1 TLSv1.3 TLS_AES_256_GCM_SHA384 "GET /dashboard/ HTTP/1.1" 5187
[13/Dec/2024:02:05:25 +0200] ::1 TLSv1.3 TLS_AES_256_GCM_SHA384 "GET /dashboard/ HTTP/1.1" 5187
[13/Dec/2024:02:05:25 +0200] ::1 TLSv1.3 TLS_AES_256_GCM_SHA384 "GET /dashboard/images/favicon.png HTTP/1.1" 2508
[13/Dec/2024:02:05:27 +0200] ::1 TLSv1.3 TLS_AES_256_GCM_SHA384 "GET /website/index.php HTTP/1.1" 597
[13/Dec/2024:02:05:27 +0200] ::1 TLSv1.3 TLS_AES_256_GCM_SHA384 "GET /favicon.ico HTTP/1.1" 30894
[13/Dec/2024:02:05:30 +0200] ::1 TLSv1.3 TLS_AES_256_GCM_SHA384 "GET /website/exit.php HTTP/1.1" 257
[13/Dec/2024:02:05:30 +0200] ::1 TLSv1.3 TLS_AES_256_GCM_SHA384 "GET / HTTP/1.1" -
[13/Dec/2024:02:05:30 +0200] ::1 TLSv1.3 TLS_AES_256_GCM_SHA384 "GET /dashboard/ HTTP/1.1" 5187
[13/Dec/2024:02:05:32 +0200] ::1 TLSv1.3 TLS_AES_256_GCM_SHA384 "GET /website/index.php HTTP/1.1" 1716
[13/Dec/2024:02:05:32 +0200] ::1 TLSv1.3 TLS_AES_256_GCM_SHA384 "GET /favicon.ico HTTP/1.1" 30894
[13/Dec/2024:02:05:38 +0200] ::1 TLSv1.3 TLS_AES_256_GCM_SHA384 "POST /website/auth.php HTTP/1.1" -
[13/Dec/2024:02:05:38 +0200] ::1 TLSv1.3 TLS_AES_256_GCM_SHA384 "GET / HTTP/1.1" -
[13/Dec/2024:02:05:38 +0200] ::1 TLSv1.3 TLS_AES_256_GCM_SHA384 "GET /dashboard/ HTTP/1.1" 5187
[13/Dec/2024:02:05:39 +0200] ::1 TLSv1.3 TLS_AES_256_GCM_SHA384 "GET /website/index.php HTTP/1.1" 597
[13/Dec/2024:02:05:39 +0200] ::1 TLSv1.3 TLS_AES_256_GCM_SHA384 "GET /favicon.ico HTTP/1.1" 30894
[13/Dec/2024:02:05:39 +0200] ::1 TLSv1.3 TLS_AES_256_GCM_SHA384 "GET /website/index.php HTTP/1.1" 597
[13/Dec/2024:02:05:39 +0200] ::1 TLSv1.3 TLS_AES_256_GCM_SHA384 "GET /favicon.ico HTTP/1.1" 30894
[13/Dec/2024:02:05:40 +0200] ::1 TLSv1.3 TLS_AES_256_GCM_SHA384 "GET /website/index.php HTTP/1.1" 597
[13/Dec/2024:02:05:40 +0200] ::1 TLSv1.3 TLS_AES_256_GCM_SHA384 "GET /favicon.ico HTTP/1.1" 30894
[13/Dec/2024:02:05:40 +0200] ::1 TLSv1.3 TLS_AES_256_GCM_SHA384 "GET /website/index.php HTTP/1.1" 597
[13/Dec/2024:02:05:40 +0200] ::1 TLSv1.3 TLS_AES_256_GCM_SHA384 "GET /favicon.ico HTTP/1.1" 30894
[13/Dec/2024:02:05:40 +0200] ::1 TLSv1.3 TLS_AES_256_GCM_SHA384 "GET /website/index.php HTTP/1.1" 597
[13/Dec/2024:02:05:40 +0200] ::1 TLSv1.3 TLS_AES_256_GCM_SHA384 "GET /favicon.ico HTTP/1.1" 30894
[13/Dec/2024:02:05:40 +0200] ::1 TLSv1.3 TLS_AES_256_GCM_SHA384 "GET /website/index.php HTTP/1.1" 597
[13/Dec/2024:02:05:40 +0200] ::1 TLSv1.3 TLS_AES_256_GCM_SHA384 "GET /favicon.ico HTTP/1.1" 30894
[13/Dec/2024:02:05:40 +0200] ::1 TLSv1.3 TLS_AES_256_GCM_SHA384 "GET /website/index.php HTTP/1.1" 597
[13/Dec/2024:02:05:40 +0200] ::1 TLSv1.3 TLS_AES_256_GCM_SHA384 "GET /favicon.ico HTTP/1.1" 30894
[13/Dec/2024:02:05:40 +0200] ::1 TLSv1.3 TLS_AES_256_GCM_SHA384 "GET /website/index.php HTTP/1.1" 597
[13/Dec/2024:02:05:40 +0200] ::1 TLSv1.3 TLS_AES_256_GCM_SHA384 "GET /favicon.ico HTTP/1.1" 30894
[13/Dec/2024:02:05:41 +0200] ::1 TLSv1.3 TLS_AES_256_GCM_SHA384 "GET /website/index.php HTTP/1.1" 597
[13/Dec/2024:02:05:41 +0200] ::1 TLSv1.3 TLS_AES_256_GCM_SHA384 "GET /favicon.ico HTTP/1.1" 30894
[13/Dec/2024:02:05:41 +0200] ::1 TLSv1.3 TLS_AES_256_GCM_SHA384 "GET /website/index.php HTTP/1.1" 597
[13/Dec/2024:02:05:41 +0200] ::1 TLSv1.3 TLS_AES_256_GCM_SHA384 "GET /favicon.ico HTTP/1.1" 30894
[13/Dec/2024:02:05:41 +0200] ::1 TLSv1.3 TLS_AES_256_GCM_SHA384 "GET /website/index.php HTTP/1.1" 597
[13/Dec/2024:02:05:41 +0200] ::1 TLSv1.3 TLS_AES_256_GCM_SHA384 "GET /favicon.ico HTTP/1.1" 30894
[13/Dec/2024:02:05:41 +0200] ::1 TLSv1.3 TLS_AES_256_GCM_SHA384 "GET /website/index.php HTTP/1.1" 597
[13/Dec/2024:02:05:41 +0200] ::1 TLSv1.3 TLS_AES_256_GCM_SHA384 "GET /favicon.ico HTTP/1.1" 30894
[13/Dec/2024:02:05:41 +0200] ::1 TLSv1.3 TLS_AES_256_GCM_SHA384 "GET /website/index.php HTTP/1.1" 597
[13/Dec/2024:02:05:41 +0200] ::1 TLSv1.3 TLS_AES_256_GCM_SHA384 "GET /favicon.ico HTTP/1.1" 30894
[13/Dec/2024:02:05:42 +0200] ::1 TLSv1.3 TLS_AES_256_GCM_SHA384 "GET /website/exit.php HTTP/1.1" 257
[13/Dec/2024:02:05:42 +0200] ::1 TLSv1.3 TLS_AES_256_GCM_SHA384 "GET / HTTP/1.1" -
[13/Dec/2024:02:05:42 +0200] ::1 TLSv1.3 TLS_AES_256_GCM_SHA384 "GET /dashboard/ HTTP/1.1" 5187
[13/Dec/2024:02:05:43 +0200] ::1 TLSv1.3 TLS_AES_256_GCM_SHA384 "GET /website/index.php HTTP/1.1" 1716
[13/Dec/2024:02:05:43 +0200] ::1 TLSv1.3 TLS_AES_256_GCM_SHA384 "GET /favicon.ico HTTP/1.1" 30894
[13/Dec/2024:02:05:43 +0200] ::1 TLSv1.3 TLS_AES_256_GCM_SHA384 "GET /website/index.php HTTP/1.1" 1716
[13/Dec/2024:02:05:43 +0200] ::1 TLSv1.3 TLS_AES_256_GCM_SHA384 "GET /favicon.ico HTTP/1.1" 30894
[13/Dec/2024:02:05:43 +0200] ::1 TLSv1.3 TLS_AES_256_GCM_SHA384 "GET /website/index.php HTTP/1.1" 1716
[13/Dec/2024:02:05:43 +0200] ::1 TLSv1.3 TLS_AES_256_GCM_SHA384 "GET /favicon.ico HTTP/1.1" 30894
[13/Dec/2024:02:05:43 +0200] ::1 TLSv1.3 TLS_AES_256_GCM_SHA384 "GET /website/index.php HTTP/1.1" 1716
[13/Dec/2024:02:05:43 +0200] ::1 TLSv1.3 TLS_AES_256_GCM_SHA384 "GET /favicon.ico HTTP/1.1" 30894
[13/Dec/2024:02:05:43 +0200] ::1 TLSv1.3 TLS_AES_256_GCM_SHA384 "GET /website/index.php HTTP/1.1" 1716
[13/Dec/2024:02:05:43 +0200] ::1 TLSv1.3 TLS_AES_256_GCM_SHA384 "GET /favicon.ico HTTP/1.1" 30894
