2024-12-13  0:40:41 0 [Note] Starting MariaDB 10.4.32-MariaDB source revision c4143f909528e3fab0677a28631d10389354c491 as process 16764
2024-12-13  0:40:41 0 [Note] InnoDB: Mutexes and rw_locks use Windows interlocked functions
2024-12-13  0:40:41 0 [Note] InnoDB: Uses event mutexes
2024-12-13  0:40:41 0 [Note] InnoDB: Compressed tables use zlib 1.3
2024-12-13  0:40:41 0 [Note] InnoDB: Number of pools: 1
2024-12-13  0:40:41 0 [Note] InnoDB: Using SSE2 crc32 instructions
2024-12-13  0:40:41 0 [Note] InnoDB: Initializing buffer pool, total size = 16M, instances = 1, chunk size = 16M
2024-12-13  0:40:41 0 [Note] InnoDB: Completed initialization of buffer pool
2024-12-13  0:40:41 0 [Note] InnoDB: Starting crash recovery from checkpoint LSN=300288
2024-12-13  0:40:41 0 [Note] InnoDB: 128 out of 128 rollback segments are active.
2024-12-13  0:40:41 0 [Note] InnoDB: Removed temporary tablespace data file: "ibtmp1"
2024-12-13  0:40:41 0 [Note] InnoDB: Creating shared tablespace for temporary tables
2024-12-13  0:40:41 0 [Note] InnoDB: Setting file 'C:\xampp\mysql\data\ibtmp1' size to 12 MB. Physically writing the file full; Please wait ...
2024-12-13  0:40:41 0 [Note] InnoDB: File 'C:\xampp\mysql\data\ibtmp1' size is now 12 MB.
2024-12-13  0:40:41 0 [Note] InnoDB: Waiting for purge to start
2024-12-13  0:40:41 0 [Note] InnoDB: 10.4.32 started; log sequence number 300297; transaction id 170
2024-12-13  0:40:41 0 [Note] InnoDB: Loading buffer pool(s) from C:\xampp\mysql\data\ib_buffer_pool
2024-12-13  0:40:41 0 [Note] Plugin 'FEEDBACK' is disabled.
2024-12-13  0:40:41 0 [Note] InnoDB: Buffer pool(s) load completed at 241213  0:40:41
2024-12-13  0:40:41 0 [Note] Server socket created on IP: '::'.
2024-12-13  0:40:41 0 [ERROR] Can't start server: Bind on TCP/IP port. Got error: 10048: Обычно разрешается только одно использование адреса сокета (протокол/сетевой адрес/порт).

2024-12-13  0:40:41 0 [ERROR] Do you already have another mysqld server running on port: 3306 ?
2024-12-13  0:40:41 0 [ERROR] Aborting
2024-12-13  0:44:33 0 [Note] Starting MariaDB 10.4.32-MariaDB source revision c4143f909528e3fab0677a28631d10389354c491 as process 7212
2024-12-13  0:44:33 0 [Note] InnoDB: Mutexes and rw_locks use Windows interlocked functions
2024-12-13  0:44:33 0 [Note] InnoDB: Uses event mutexes
2024-12-13  0:44:33 0 [Note] InnoDB: Compressed tables use zlib 1.3
2024-12-13  0:44:33 0 [Note] InnoDB: Number of pools: 1
2024-12-13  0:44:33 0 [Note] InnoDB: Using SSE2 crc32 instructions
2024-12-13  0:44:33 0 [Note] InnoDB: Initializing buffer pool, total size = 16M, instances = 1, chunk size = 16M
2024-12-13  0:44:33 0 [Note] InnoDB: Completed initialization of buffer pool
2024-12-13  0:44:33 0 [Note] InnoDB: 128 out of 128 rollback segments are active.
2024-12-13  0:44:33 0 [Note] InnoDB: Creating shared tablespace for temporary tables
2024-12-13  0:44:33 0 [Note] InnoDB: Setting file 'C:\xampp\mysql\data\ibtmp1' size to 12 MB. Physically writing the file full; Please wait ...
2024-12-13  0:44:33 0 [Note] InnoDB: File 'C:\xampp\mysql\data\ibtmp1' size is now 12 MB.
2024-12-13  0:44:33 0 [Note] InnoDB: Waiting for purge to start
2024-12-13  0:44:33 0 [Note] InnoDB: 10.4.32 started; log sequence number 300306; transaction id 170
2024-12-13  0:44:33 0 [Note] InnoDB: Loading buffer pool(s) from C:\xampp\mysql\data\ib_buffer_pool
2024-12-13  0:44:33 0 [Note] Plugin 'FEEDBACK' is disabled.
2024-12-13  0:44:33 0 [Note] Server socket created on IP: '::'.
2024-12-13  0:44:33 0 [Note] InnoDB: Buffer pool(s) load completed at 241213  0:44:33
2024-12-13  0:44:33 0 [Note] Reading of all Master_info entries succeeded
2024-12-13  0:44:33 0 [Note] Added new Master_info '' to hash table
2024-12-13  0:44:33 0 [Note] mysql\bin\mysqld.exe: ready for connections.
Version: '10.4.32-MariaDB'  socket: ''  port: 3306  mariadb.org binary distribution
2024-12-13  0:44:43 0 [Note] Starting MariaDB 10.4.32-MariaDB source revision c4143f909528e3fab0677a28631d10389354c491 as process 7176
2024-12-13  0:44:43 0 [Note] InnoDB: Mutexes and rw_locks use Windows interlocked functions
2024-12-13  0:44:43 0 [Note] InnoDB: Uses event mutexes
2024-12-13  0:44:43 0 [Note] InnoDB: Compressed tables use zlib 1.3
2024-12-13  0:44:43 0 [Note] InnoDB: Number of pools: 1
2024-12-13  0:44:43 0 [Note] InnoDB: Using SSE2 crc32 instructions
2024-12-13  0:44:43 0 [Note] InnoDB: Initializing buffer pool, total size = 16M, instances = 1, chunk size = 16M
2024-12-13  0:44:43 0 [Note] InnoDB: Completed initialization of buffer pool
2024-12-13  0:44:43 0 [Note] InnoDB: Starting crash recovery from checkpoint LSN=300306
2024-12-13  0:44:43 0 [Note] InnoDB: 128 out of 128 rollback segments are active.
2024-12-13  0:44:43 0 [Note] InnoDB: Removed temporary tablespace data file: "ibtmp1"
2024-12-13  0:44:43 0 [Note] InnoDB: Creating shared tablespace for temporary tables
2024-12-13  0:44:43 0 [Note] InnoDB: Setting file 'C:\xampp\mysql\data\ibtmp1' size to 12 MB. Physically writing the file full; Please wait ...
2024-12-13  0:44:43 0 [Note] InnoDB: File 'C:\xampp\mysql\data\ibtmp1' size is now 12 MB.
2024-12-13  0:44:43 0 [Note] InnoDB: Waiting for purge to start
2024-12-13  0:44:43 0 [Note] InnoDB: 10.4.32 started; log sequence number 300315; transaction id 170
2024-12-13  0:44:43 0 [Note] InnoDB: Loading buffer pool(s) from C:\xampp\mysql\data\ib_buffer_pool
2024-12-13  0:44:43 0 [Note] Plugin 'FEEDBACK' is disabled.
2024-12-13  0:44:43 0 [Note] Server socket created on IP: '::'.
2024-12-13  0:44:43 0 [Note] InnoDB: Buffer po2024-12-13  2:04:30 0 [Note] Starting MariaDB 10.4.32-MariaDB source revision c4143f909528e3fab0677a28631d10389354c491 as process 5952
2024-12-13  2:04:30 0 [Note] InnoDB: Mutexes and rw_locks use Windows interlocked functions
2024-12-13  2:04:30 0 [Note] InnoDB: Uses event mutexes
2024-12-13  2:04:30 0 [Note] InnoDB: Compressed tables use zlib 1.3
2024-12-13  2:04:30 0 [Note] InnoDB: Number of pools: 1
2024-12-13  2:04:30 0 [Note] InnoDB: Using SSE2 crc32 instructions
2024-12-13  2:04:30 0 [Note] InnoDB: Initializing buffer pool, total size = 16M, instances = 1, chunk size = 16M
2024-12-13  2:04:30 0 [Note] InnoDB: Completed initialization of buffer pool
2024-12-13  2:04:30 0 [Note] InnoDB: Starting crash recovery from checkpoint LSN=304600
2024-12-13  2:04:30 0 [Note] InnoDB: 128 out of 128 rollback segments are active.
2024-12-13  2:04:30 0 [Note] InnoDB: Removed temporary tablespace data file: "ibtmp1"
2024-12-13  2:04:30 0 [Note] InnoDB: Creating shared tablespace for temporary tables
2024-12-13  2:04:30 0 [Note] InnoDB: Setting file 'C:\xampp\mysql\data\ibtmp1' size to 12 MB. Physically writing the file full; Please wait ...
2024-12-13  2:04:30 0 [Note] InnoDB: File 'C:\xampp\mysql\data\ibtmp1' size is now 12 MB.
2024-12-13  2:04:30 0 [Note] InnoDB: Waiting for purge to start
2024-12-13  2:04:30 0 [Note] InnoDB: 10.4.32 started; log sequence number 304609; transaction id 197
2024-12-13  2:04:30 0 [Note] InnoDB: Loading buffer pool(s) from C:\xampp\mysql\data\ib_buffer_pool
2024-12-13  2:04:30 0 [Note] Plugin 'FEEDBACK' is disabled.
2024-12-13  2:04:30 0 [Note] Server socket created on IP: '::'.
